17:58:52 **** Build of configuration Default for project OpenCV Sample - native-activity ****
"C:\\NVPACK\\android-ndk-r9b\\ndk-build.cmd" 
Android NDK: WARNING:jni/Android.mk:native_activity: non-system libraries in linker flags: -lopencv_java    
Android NDK:     This is likely to result in incorrect builds. Try using LOCAL_STATIC_LIBRARIES    
Android NDK:     or LOCAL_SHARED_LIBRARIES instead to list the library dependencies of the    
Android NDK:     current module    
[armeabi-v7a] Gdbserver      : [arm-linux-androideabi-4.6] libs/armeabi-v7a/gdbserver
[armeabi-v7a] Gdbsetup       : libs/armeabi-v7a/gdb.setup
[armeabi-v7a] SharedLibrary  : libnative_activity.so
      1 [main] ld 30440 find_fast_cwd: WARNING: Couldn't compute FAST_CWD pointer.  Please report this problem to
the public mailing list cygwin@cygwin.com
ld: this linker was not configured to use sysroots
make.exe: *** [obj/local/armeabi-v7a/libnative_activity.so] Error 1
17:58:59 **** Build of configuration Default for project OpenCV Tutorial 2 - Mixed Processing ****
"C:\\NVPACK\\android-ndk-r9b\\ndk-build.cmd" 
Android NDK: WARNING:jni/Android.mk:mixed_sample: non-system libraries in linker flags: -lopencv_java    
Android NDK:     This is likely to result in incorrect builds. Try using LOCAL_STATIC_LIBRARIES    
Android NDK:     or LOCAL_SHARED_LIBRARIES instead to list the library dependencies of the    
Android NDK:     current module    
[armeabi-v7a] SharedLibrary  : libmixed_sample.so
      0 [main] ld 29072 find_fast_cwd: WARNING: Couldn't compute FAST_CWD pointer.  Please report this problem to
the public mailing list cygwin@cygwin.com
ld: this linker was not configured to use sysroots
make.exe: *** [obj/local/armeabi-v7a/libmixed_sample.so] Error 1
17:59:05 **** Auto Build of configuration Default for project OpenCV Sample - native-activity ****
"C:\\NVPACK\\android-ndk-r9b\\ndk-build.cmd" 
Android NDK: WARNING:jni/Android.mk:native_activity: non-system libraries in linker flags: -lopencv_java    
Android NDK:     This is likely to result in incorrect builds. Try using LOCAL_STATIC_LIBRARIES    
Android NDK:     or LOCAL_SHARED_LIBRARIES instead to list the library dependencies of the    
Android NDK:     current module    
[armeabi-v7a] Gdbserver      : [arm-linux-androideabi-4.6] libs/armeabi-v7a/gdbserver
[armeabi-v7a] Gdbsetup       : libs/armeabi-v7a/gdb.setup
[armeabi-v7a] SharedLibrary  : libnative_activity.so
      0 [main] ld 29964 find_fast_cwd: WARNING: Couldn't compute FAST_CWD pointer.  Please report this problem to
the public mailing list cygwin@cygwin.com
ld: this linker was not configured to use sysroots
make.exe: *** [obj/local/armeabi-v7a/libnative_activity.so] Error 1
17:59:06 **** Auto Build of configuration Default for project OpenCV Sample - native-activity ****
"C:\\NVPACK\\android-ndk-r9b\\ndk-build.cmd" 
Android NDK: WARNING:jni/Android.mk:native_activity: non-system libraries in linker flags: -lopencv_java    
Android NDK:     This is likely to result in incorrect builds. Try using LOCAL_STATIC_LIBRARIES    
Android NDK:     or LOCAL_SHARED_LIBRARIES instead to list the library dependencies of the    
Android NDK:     current module    
[armeabi-v7a] Gdbserver      : [arm-linux-androideabi-4.6] libs/armeabi-v7a/gdbserver
[armeabi-v7a] Gdbsetup       : libs/armeabi-v7a/gdb.setup
[armeabi-v7a] SharedLibrary  : libnative_activity.so
      0 [main] ld 30920 find_fast_cwd: WARNING: Couldn't compute FAST_CWD pointer.  Please report this problem to
the public mailing list cygwin@cygwin.com
ld: this linker was not configured to use sysroots
make.exe: *** [obj/local/armeabi-v7a/libnative_activity.so] Error 1
17:59:06 **** Auto Build of configuration Default for project OpenCV Tutorial 2 - Mixed Processing ****
"C:\\NVPACK\\android-ndk-r9b\\ndk-build.cmd" 
Android NDK: WARNING:jni/Android.mk:mixed_sample: non-system libraries in linker flags: -lopencv_java    
Android NDK:     This is likely to result in incorrect builds. Try using LOCAL_STATIC_LIBRARIES    
Android NDK:     or LOCAL_SHARED_LIBRARIES instead to list the library dependencies of the    
Android NDK:     current module    
[armeabi-v7a] SharedLibrary  : libmixed_sample.so
      0 [main] ld 31828 find_fast_cwd: WARNING: Couldn't compute FAST_CWD pointer.  Please report this problem to
the public mailing list cygwin@cygwin.com
ld: this linker was not configured to use sysroots
make.exe: *** [obj/local/armeabi-v7a/libmixed_sample.so] Error 1
17:59:07 **** Auto Build of configuration Default for project OpenCV Tutorial 2 - Mixed Processing ****
"C:\\NVPACK\\android-ndk-r9b\\ndk-build.cmd" 
Android NDK: WARNING:jni/Android.mk:mixed_sample: non-system libraries in linker flags: -lopencv_java    
Android NDK:     This is likely to result in incorrect builds. Try using LOCAL_STATIC_LIBRARIES    
Android NDK:     or LOCAL_SHARED_LIBRARIES instead to list the library dependencies of the    
Android NDK:     current module    
[armeabi-v7a] SharedLibrary  : libmixed_sample.so
      0 [main] ld 31748 find_fast_cwd: WARNING: Couldn't compute FAST_CWD pointer.  Please report this problem to
the public mailing list cygwin@cygwin.com
ld: this linker was not configured to use sysroots
make.exe: *** [obj/local/armeabi-v7a/libmixed_sample.so] Error 1
18:05:16 **** Auto Build of configuration Default for project OpenCV Tutorial 2 - Mixed Processing ****
"C:\\NVPACK\\android-ndk-r9b\\ndk-build.cmd" 
Android NDK: WARNING:jni/Android.mk:mixed_sample: non-system libraries in linker flags: -lopencv_java    
Android NDK:     This is likely to result in incorrect builds. Try using LOCAL_STATIC_LIBRARIES    
Android NDK:     or LOCAL_SHARED_LIBRARIES instead to list the library dependencies of the    
Android NDK:     current module    
[armeabi-v7a] SharedLibrary  : libmixed_sample.so
      0 [main] ld 32736 find_fast_cwd: WARNING: Couldn't compute FAST_CWD pointer.  Please report this problem to
the public mailing list cygwin@cygwin.com
ld: this linker was not configured to use sysroots
make.exe: *** [obj/local/armeabi-v7a/libmixed_sample.so] Error 1
18:05:40 **** Auto Build of configuration Default for project OpenCV Tutorial 2 - Mixed Processing ****
"C:\\NVPACK\\android-ndk-r9b\\ndk-build.cmd" 
Android NDK: WARNING:jni/Android.mk:mixed_sample: non-system libraries in linker flags: -lopencv_java    
Android NDK:     This is likely to result in incorrect builds. Try using LOCAL_STATIC_LIBRARIES    
Android NDK:     or LOCAL_SHARED_LIBRARIES instead to list the library dependencies of the    
Android NDK:     current module    
[armeabi-v7a] SharedLibrary  : libmixed_sample.so
      0 [main] ld 30420 find_fast_cwd: WARNING: Couldn't compute FAST_CWD pointer.  Please report this problem to
the public mailing list cygwin@cygwin.com
ld: this linker was not configured to use sysroots
make.exe: *** [obj/local/armeabi-v7a/libmixed_sample.so] Error 1
18:05:53 **** Incremental Build of configuration Default for project OpenCV Tutorial 2 - Mixed Processing ****
"C:\\NVPACK\\android-ndk-r9b\\ndk-build.cmd" 
Android NDK: WARNING:jni/Android.mk:mixed_sample: non-system libraries in linker flags: -lopencv_java    
Android NDK:     This is likely to result in incorrect builds. Try using LOCAL_STATIC_LIBRARIES    
Android NDK:     or LOCAL_SHARED_LIBRARIES instead to list the library dependencies of the    
Android NDK:     current module    
[armeabi-v7a] SharedLibrary  : libmixed_sample.so
      0 [main] ld 30736 find_fast_cwd: WARNING: Couldn't compute FAST_CWD pointer.  Please report this problem to
the public mailing list cygwin@cygwin.com
ld: this linker was not configured to use sysroots
make.exe: *** [obj/local/armeabi-v7a/libmixed_sample.so] Error 1
18:06:06 **** Auto Build of configuration Default for project OpenCV Tutorial 2 - Mixed Processing ****
"C:\\NVPACK\\android-ndk-r9b\\ndk-build.cmd" 
Android NDK: WARNING: APP_PLATFORM android-19 is larger than android:minSdkVersion 8 in ./AndroidManifest.xml    
C:/NVPACK/android-ndk-r9b/build/core/add-application.mk:171: *** Android NDK: Aborting...    .  Stop.
Android NDK: Your APP_BUILD_SCRIPT points to an unknown file: ./jni/Android.mk    
18:06:11 **** Incremental Build of configuration Default for project OpenCV Tutorial 2 - Mixed Processing ****
"C:\\NVPACK\\android-ndk-r9b\\ndk-build.cmd" 
Android NDK: WARNING: APP_PLATFORM android-19 is larger than android:minSdkVersion 8 in ./AndroidManifest.xml    
C:/NVPACK/android-ndk-r9b/build/core/add-application.mk:171: *** Android NDK: Aborting...    .  Stop.
Android NDK: Your APP_BUILD_SCRIPT points to an unknown file: ./jni/Android.mk    
18:06:24 **** Auto Build of configuration Default for project OpenCV Tutorial 2 - Mixed Processing ****
"C:\\NVPACK\\android-ndk-r9b\\ndk-build.cmd" 
Android NDK: WARNING: APP_PLATFORM android-19 is larger than android:minSdkVersion 8 in ./AndroidManifest.xml    
C:/NVPACK/android-ndk-r9b/build/core/add-application.mk:171: *** Android NDK: Aborting...    .  Stop.
Android NDK: Your APP_BUILD_SCRIPT points to an unknown file: ./jni/Android.mk    
18:06:47 **** Incremental Build of configuration Default for project OpenCV Tutorial 2 - Mixed Processing ****
"C:\\NVPACK\\android-ndk-r9b\\ndk-build.cmd" 
Android NDK: WARNING: APP_PLATFORM android-19 is larger than android:minSdkVersion 8 in ./AndroidManifest.xml    
C:/NVPACK/android-ndk-r9b/build/core/add-application.mk:171: *** Android NDK: Aborting...    .  Stop.
Android NDK: Your APP_BUILD_SCRIPT points to an unknown file: ./jni/Android.mk    
13:43:41 **** Build of configuration Default for project OpenCV Sample - face-detection ****
"C:\\NVPACK\\android-ndk-r9b\\ndk-build.cmd" 
jni/Android.mk:8: ../../sdk/native/jni/OpenCV.mk: No such file or directory
make.exe: *** No rule to make target `../../sdk/native/jni/OpenCV.mk'.  Stop.
13:43:42 **** Auto Build of configuration Default for project OpenCV Sample - face-detection ****
"C:\\NVPACK\\android-ndk-r9b\\ndk-build.cmd" 
jni/Android.mk:8: ../../sdk/native/jni/OpenCV.mk: No such file or directory
make.exe: *** No rule to make target `../../sdk/native/jni/OpenCV.mk'.  Stop.
13:43:44 **** Auto Build of configuration Default for project OpenCV Sample - face-detection ****
"C:\\NVPACK\\android-ndk-r9b\\ndk-build.cmd" 
jni/Android.mk:8: ../../sdk/native/jni/OpenCV.mk: No such file or directory
make.exe: *** No rule to make target `../../sdk/native/jni/OpenCV.mk'.  Stop.
13:46:37 **** Build of configuration Default for project OpenCV Sample - face-detection ****
"C:\\NVPACK\\android-ndk-r9b\\ndk-build.cmd" 
jni/Android.mk:8: ../../sdk/native/jni/OpenCV.mk: No such file or directory
make.exe: *** No rule to make target `../../sdk/native/jni/OpenCV.mk'.  Stop.
13:46:38 **** Auto Build of configuration Default for project OpenCV Sample - face-detection ****
"C:\\NVPACK\\android-ndk-r9b\\ndk-build.cmd" 
jni/Android.mk:8: ../../sdk/native/jni/OpenCV.mk: No such file or directory
make.exe: *** No rule to make target `../../sdk/native/jni/OpenCV.mk'.  Stop.
13:48:34 **** Auto Build of configuration Default for project OpenCV Sample - face-detection ****
"C:\\NVPACK\\android-ndk-r9b\\ndk-build.cmd" 
jni/Android.mk:8: ../../sdk/native/jni/OpenCV.mk: No such file or directory
make.exe: *** No rule to make target `../../sdk/native/jni/OpenCV.mk'.  Stop.
13:48:46 **** Auto Build of configuration Default for project OpenCV Sample - face-detection ****
"C:\\NVPACK\\android-ndk-r9b\\ndk-build.cmd" 
jni/Android.mk:8: ../../sdk/native/jni/OpenCV.mk: No such file or directory
make.exe: *** No rule to make target `../../sdk/native/jni/OpenCV.mk'.  Stop.
13:59:24 **** Incremental Build of configuration Default for project OpenCV Sample - face-detection ****
"C:\\NVPACK\\android-ndk-r9b\\ndk-build.cmd" 
jni/Android.mk:8: ../../sdk/native/jni/OpenCV.mk: No such file or directory
make.exe: *** No rule to make target `../../sdk/native/jni/OpenCV.mk'.  Stop.
14:00:46 **** Auto Build of configuration Default for project OpenCV Sample - face-detection ****
"C:\\NVPACK\\android-ndk-r9b\\ndk-build.cmd" 
jni/Android.mk:8: ../../sdk/native/jni/OpenCV.mk: No such file or directory
make.exe: *** No rule to make target `../../sdk/native/jni/OpenCV.mk'.  Stop.
14:00:51 **** Auto Build of configuration Default for project OpenCV Sample - face-detection ****
"C:\\NVPACK\\android-ndk-r9b\\ndk-build.cmd" 
jni/Android.mk:8: ../../sdk/native/jni/OpenCV.mk: No such file or directory
make.exe: *** No rule to make target `../../sdk/native/jni/OpenCV.mk'.  Stop.
14:01:39 **** Auto Build of configuration Default for project OpenCV Sample - face-detection ****
"C:\\NVPACK\\android-ndk-r9b\\ndk-build.cmd" 
Android NDK: WARNING: APP_PLATFORM android-14 is larger than android:minSdkVersion 8 in ./AndroidManifest.xml    
C:/NVPACK/android-ndk-r9b/build/core/add-application.mk:171: *** Android NDK: Aborting...    .  Stop.
Android NDK: Your APP_BUILD_SCRIPT points to an unknown file: ./jni/Android.mk    
14:02:39 **** Auto Build of configuration Default for project OpenCV Sample - face-detection ****
"C:\\NVPACK\\android-ndk-r9b\\ndk-build.cmd" 
Android NDK: WARNING: APP_PLATFORM android-14 is larger than android:minSdkVersion 8 in ./AndroidManifest.xml    
C:/NVPACK/android-ndk-r9b/build/core/add-application.mk:171: *** Android NDK: Aborting...    .  Stop.
Android NDK: Your APP_BUILD_SCRIPT points to an unknown file: ./jni/Android.mk    
14:03:09 **** Incremental Build of configuration Default for project OpenCV Sample - face-detection ****
"C:\\NVPACK\\android-ndk-r9b\\ndk-build.cmd" 
Android NDK: WARNING: APP_PLATFORM android-14 is larger than android:minSdkVersion 8 in ./AndroidManifest.xml    
C:/NVPACK/android-ndk-r9b/build/core/add-application.mk:171: *** Android NDK: Aborting...    .  Stop.
Android NDK: Your APP_BUILD_SCRIPT points to an unknown file: ./jni/Android.mk    
14:04:42 **** Build of configuration Default for project OpenCV Sample - face-detection ****
"C:\\NVPACK\\android-ndk-r9b\\ndk-build.cmd" 
Android NDK: WARNING: APP_PLATFORM android-14 is larger than android:minSdkVersion 8 in ./AndroidManifest.xml    
C:/NVPACK/android-ndk-r9b/build/core/add-application.mk:171: *** Android NDK: Aborting...    .  Stop.
Android NDK: Your APP_BUILD_SCRIPT points to an unknown file: ./jni/Android.mk    
14:04:43 **** Auto Build of configuration Default for project OpenCV Sample - face-detection ****
"C:\\NVPACK\\android-ndk-r9b\\ndk-build.cmd" 
Android NDK: WARNING: APP_PLATFORM android-14 is larger than android:minSdkVersion 8 in ./AndroidManifest.xml    
C:/NVPACK/android-ndk-r9b/build/core/add-application.mk:171: *** Android NDK: Aborting...    .  Stop.
Android NDK: Your APP_BUILD_SCRIPT points to an unknown file: ./jni/Android.mk    
14:04:47 **** Auto Build of configuration Default for project OpenCV Sample - face-detection ****
"C:\\NVPACK\\android-ndk-r9b\\ndk-build.cmd" 
Android NDK: WARNING: APP_PLATFORM android-14 is larger than android:minSdkVersion 8 in ./AndroidManifest.xml    
C:/NVPACK/android-ndk-r9b/build/core/add-application.mk:171: *** Android NDK: Aborting...    .  Stop.
Android NDK: Your APP_BUILD_SCRIPT points to an unknown file: ./jni/Android.mk    
14:04:49 **** Auto Build of configuration Default for project OpenCV Sample - face-detection ****
"C:\\NVPACK\\android-ndk-r9b\\ndk-build.cmd" 
Android NDK: WARNING: APP_PLATFORM android-14 is larger than android:minSdkVersion 8 in ./AndroidManifest.xml    
C:/NVPACK/android-ndk-r9b/build/core/add-application.mk:171: *** Android NDK: Aborting...    .  Stop.
Android NDK: Your APP_BUILD_SCRIPT points to an unknown file: ./jni/Android.mk    
14:05:40 **** Auto Build of configuration Default for project OpenCV Sample - face-detection ****
"C:\\NVPACK\\android-ndk-r9b\\ndk-build.cmd" 
Android NDK: WARNING: APP_PLATFORM android-14 is larger than android:minSdkVersion 8 in ./AndroidManifest.xml    
C:/NVPACK/android-ndk-r9b/build/core/add-application.mk:171: *** Android NDK: Aborting...    .  Stop.
Android NDK: Your APP_BUILD_SCRIPT points to an unknown file: ./jni/Android.mk    
14:16:15 **** Auto Build of configuration Default for project OpenCV Sample - face-detection ****
"C:\\NVPACK\\android-ndk-r9b\\ndk-build.cmd" 
Android NDK: WARNING: APP_PLATFORM android-14 is larger than android:minSdkVersion 8 in ./AndroidManifest.xml    
C:/NVPACK/android-ndk-r9b/build/core/add-application.mk:171: *** Android NDK: Aborting...    .  Stop.
Android NDK: Your APP_BUILD_SCRIPT points to an unknown file: ./jni/Android.mk    
14:19:31 **** Incremental Build of configuration Default for project OpenCV Sample - face-detection ****
"C:\\NVPACK\\android-ndk-r9b\\ndk-build.cmd" 
Android NDK: WARNING: APP_PLATFORM android-14 is larger than android:minSdkVersion 8 in ./AndroidManifest.xml    
C:/NVPACK/android-ndk-r9b/build/core/add-application.mk:171: *** Android NDK: Aborting...    .  Stop.
Android NDK: Your APP_BUILD_SCRIPT points to an unknown file: ./jni/Android.mk    
14:19:49 **** Incremental Build of configuration Default for project OpenCV Sample - face-detection ****
"C:\\NVPACK\\android-ndk-r9b\\ndk-build.cmd" 
Android NDK: WARNING: APP_PLATFORM android-14 is larger than android:minSdkVersion 8 in ./AndroidManifest.xml    
C:/NVPACK/android-ndk-r9b/build/core/add-application.mk:171: *** Android NDK: Aborting...    .  Stop.
Android NDK: Your APP_BUILD_SCRIPT points to an unknown file: ./jni/Android.mk    
14:21:48 **** Auto Build of configuration Default for project OpenCV Sample - face-detection ****
"C:\\NVPACK\\android-ndk-r9b\\ndk-build.cmd" 
Android NDK: WARNING: APP_PLATFORM android-14 is larger than android:minSdkVersion 8 in ./AndroidManifest.xml    
C:/NVPACK/android-ndk-r9b/build/core/add-application.mk:171: *** Android NDK: Aborting...    .  Stop.
Android NDK: Your APP_BUILD_SCRIPT points to an unknown file: ./jni/Android.mk    
14:21:50 **** Auto Build of configuration Default for project OpenCV Sample - face-detection ****
"C:\\NVPACK\\android-ndk-r9b\\ndk-build.cmd" 
Android NDK: WARNING: APP_PLATFORM android-14 is larger than android:minSdkVersion 8 in ./AndroidManifest.xml    
C:/NVPACK/android-ndk-r9b/build/core/add-application.mk:171: *** Android NDK: Aborting...    .  Stop.
Android NDK: Your APP_BUILD_SCRIPT points to an unknown file: ./jni/Android.mk    
14:21:56 **** Incremental Build of configuration Default for project OpenCV Sample - face-detection ****
"C:\\NVPACK\\android-ndk-r9b\\ndk-build.cmd" 
Android NDK: WARNING: APP_PLATFORM android-14 is larger than android:minSdkVersion 8 in ./AndroidManifest.xml    
C:/NVPACK/android-ndk-r9b/build/core/add-application.mk:171: *** Android NDK: Aborting...    .  Stop.
Android NDK: Your APP_BUILD_SCRIPT points to an unknown file: ./jni/Android.mk    
14:27:17 **** Auto Build of configuration Default for project OpenCV Sample - face-detection ****
"C:\\NVPACK\\android-ndk-r9b\\ndk-build.cmd" 
Android NDK: WARNING: APP_PLATFORM android-14 is larger than android:minSdkVersion 8 in ./AndroidManifest.xml    
C:/NVPACK/android-ndk-r9b/build/core/add-application.mk:171: *** Android NDK: Aborting...    .  Stop.
Android NDK: Your APP_BUILD_SCRIPT points to an unknown file: ./jni/Android.mk    
14:28:53 **** Auto Build of configuration Default for project OpenCV Sample - face-detection ****
"C:\\NVPACK\\android-ndk-r9b\\ndk-build.cmd" 
Android NDK: WARNING: APP_PLATFORM android-14 is larger than android:minSdkVersion 8 in ./AndroidManifest.xml    
C:/NVPACK/android-ndk-r9b/build/core/add-application.mk:171: *** Android NDK: Aborting...    .  Stop.
Android NDK: Your APP_BUILD_SCRIPT points to an unknown file: ./jni/Android.mk    
14:28:55 **** Auto Build of configuration Default for project OpenCV Sample - face-detection ****
"C:\\NVPACK\\android-ndk-r9b\\ndk-build.cmd" 
Android NDK: WARNING: APP_PLATFORM android-14 is larger than android:minSdkVersion 8 in ./AndroidManifest.xml    
C:/NVPACK/android-ndk-r9b/build/core/add-application.mk:171: *** Android NDK: Aborting...    .  Stop.
Android NDK: Your APP_BUILD_SCRIPT points to an unknown file: ./jni/Android.mk    
14:30:47 **** Auto Build of configuration Default for project OpenCV Sample - face-detection ****
"C:\\NVPACK\\android-ndk-r9b\\ndk-build.cmd" 
Android NDK: WARNING: APP_PLATFORM android-14 is larger than android:minSdkVersion 8 in ./AndroidManifest.xml    
C:/NVPACK/android-ndk-r9b/build/core/add-application.mk:171: *** Android NDK: Aborting...    .  Stop.
Android NDK: Your APP_BUILD_SCRIPT points to an unknown file: ./jni/Android.mk    
14:30:59 **** Auto Build of configuration Default for project OpenCV Sample - face-detection ****
"C:\\NVPACK\\android-ndk-r9b\\ndk-build.cmd" 
Android NDK: WARNING: APP_PLATFORM android-14 is larger than android:minSdkVersion 8 in ./AndroidManifest.xml    
C:/NVPACK/android-ndk-r9b/build/core/add-application.mk:171: *** Android NDK: Aborting...    .  Stop.
Android NDK: Your APP_BUILD_SCRIPT points to an unknown file: ./jni/Android.mk    
14:31:01 **** Auto Build of configuration Default for project OpenCV Sample - face-detection ****
"C:\\NVPACK\\android-ndk-r9b\\ndk-build.cmd" 
Android NDK: WARNING: APP_PLATFORM android-14 is larger than android:minSdkVersion 8 in ./AndroidManifest.xml    
C:/NVPACK/android-ndk-r9b/build/core/add-application.mk:171: *** Android NDK: Aborting...    .  Stop.
Android NDK: Your APP_BUILD_SCRIPT points to an unknown file: ./jni/Android.mk    
14:32:05 **** Auto Build of configuration Default for project OpenCV Sample - face-detection ****
"C:\\NVPACK\\android-ndk-r9b\\ndk-build.cmd" 
Android NDK: WARNING: APP_PLATFORM android-14 is larger than android:minSdkVersion 8 in ./AndroidManifest.xml    
C:/NVPACK/android-ndk-r9b/build/core/add-application.mk:171: *** Android NDK: Aborting...    .  Stop.
Android NDK: Your APP_BUILD_SCRIPT points to an unknown file: ./jni/Android.mk    
14:32:06 **** Auto Build of configuration Default for project OpenCV Sample - face-detection ****
"C:\\NVPACK\\android-ndk-r9b\\ndk-build.cmd" 
Android NDK: WARNING: APP_PLATFORM android-14 is larger than android:minSdkVersion 8 in ./AndroidManifest.xml    
C:/NVPACK/android-ndk-r9b/build/core/add-application.mk:171: *** Android NDK: Aborting...    .  Stop.
Android NDK: Your APP_BUILD_SCRIPT points to an unknown file: ./jni/Android.mk    
14:32:49 **** Build of configuration Default for project OpenCV Sample - face-detection ****
"C:\\NVPACK\\android-ndk-r9b\\ndk-build.cmd" 
Android NDK: WARNING: APP_PLATFORM android-14 is larger than android:minSdkVersion 8 in ./AndroidManifest.xml    
C:/NVPACK/android-ndk-r9b/build/core/add-application.mk:171: *** Android NDK: Aborting...    .  Stop.
Android NDK: Your APP_BUILD_SCRIPT points to an unknown file: ./jni/Android.mk    
14:32:50 **** Auto Build of configuration Default for project OpenCV Sample - face-detection ****
"C:\\NVPACK\\android-ndk-r9b\\ndk-build.cmd" 
Android NDK: WARNING: APP_PLATFORM android-14 is larger than android:minSdkVersion 8 in ./AndroidManifest.xml    
C:/NVPACK/android-ndk-r9b/build/core/add-application.mk:171: *** Android NDK: Aborting...    .  Stop.
Android NDK: Your APP_BUILD_SCRIPT points to an unknown file: ./jni/Android.mk    
14:32:52 **** Auto Build of configuration Default for project OpenCV Sample - face-detection ****
"C:\\NVPACK\\android-ndk-r9b\\ndk-build.cmd" 
Android NDK: WARNING: APP_PLATFORM android-14 is larger than android:minSdkVersion 8 in ./AndroidManifest.xml    
C:/NVPACK/android-ndk-r9b/build/core/add-application.mk:171: *** Android NDK: Aborting...    .  Stop.
Android NDK: Your APP_BUILD_SCRIPT points to an unknown file: ./jni/Android.mk    
14:33:44 **** Auto Build of configuration Default for project OpenCV Sample - face-detection ****
"C:\\NVPACK\\android-ndk-r9b\\ndk-build.cmd" 
Android NDK: WARNING: APP_PLATFORM android-14 is larger than android:minSdkVersion 8 in ./AndroidManifest.xml    
C:/NVPACK/android-ndk-r9b/build/core/add-application.mk:171: *** Android NDK: Aborting...    .  Stop.
Android NDK: Your APP_BUILD_SCRIPT points to an unknown file: ./jni/Android.mk    
14:33:45 **** Auto Build of configuration Default for project OpenCV Sample - face-detection ****
"C:\\NVPACK\\android-ndk-r9b\\ndk-build.cmd" 
Android NDK: WARNING: APP_PLATFORM android-14 is larger than android:minSdkVersion 8 in ./AndroidManifest.xml    
C:/NVPACK/android-ndk-r9b/build/core/add-application.mk:171: *** Android NDK: Aborting...    .  Stop.
Android NDK: Your APP_BUILD_SCRIPT points to an unknown file: ./jni/Android.mk    
